<?xml version="1.0" encoding="UTF-8"?>
<!-- Generated by org.testng.reporters.JUnitReportReporter -->
<testsuite skipped="0" hostname="Soumyak-PC" name="Test.TestActitime" tests="1" failures="0" timestamp="11 Jun 2020 16:21:11 GMT" time="35.237" errors="0">
  <testcase name="result" time="35.237" classname="Test.TestActitime"/>
</testsuite> <!-- Test.TestActitime -->
